<?xml version="1.0" encoding="UTF-8"?>
<testsuite xmlns:xsi="http://www.w3.org/2001/XMLSchema-instance" xsi:noNamespaceSchemaLocation="https://maven.apache.org/surefire/maven-surefire-plugin/xsd/surefire-test-report-3.0.xsd" version="3.0" name="com.BookTracker.book_tracker.BookTrackerApplicationTests" time="7.317" tests="1" errors="0" skipped="0" failures="0">
  <properties>
[...]
</properties>
  <testcase name="contextLoads" classname="com.BookTracker.book_tracker.BookTrackerApplicationTests" time="0.578">
    <system-out><![CDATA[11:17:48.248 [main] INFO org.springframework.test.context.support.AnnotationConfigContextLoaderUtils -- Could not detect default configuration classes for test class [com.BookTracker.book_tracker.BookTrackerApplicationTests]: BookTrackerApplicationTests does not declare any static, non-private, non-final, nested classes annotated with @Configuration.
11:17:48.381 [main] INFO org.springframework.boot.test.context.SpringBootTestContextBootstrapper -- Found @SpringBootConfiguration com.BookTracker.book_tracker.BookTrackerApplication for test class com.BookTracker.book_tracker.BookTrackerApplicationTests
11:17:48.563 [main] INFO org.springframework.boot.devtools.restart.RestartApplicationListener -- Restart disabled due to context in which it is running

  .   ____          _            __ _ _
 /\\ / ___'_ __ _ _(_)_ __  __ _ \ \ \ \
( ( )\___ | '_ | '_| | '_ \/ _` | \ \ \ \
 \\/  ___)| |_)| | | | | || (_| |  ) ) ) )
  '  |____| .__|_| |_|_| |_\__, | / / / /
 =========|_|==============|___/=/_/_/_/

 :: Spring Boot ::                (v3.3.6)

2026-02-13T11:17:48.958+01:00  INFO 17145 --- [book-tracker] [           main] c.B.b.BookTrackerApplicationTests        : Starting BookTrackerApplicationTests using Java 22.0.2 with PID 17145 (started by mar in /home/mar/Documentos/PROJECTES/JAVA/BookTraker/BookTracker)
2026-02-13T11:17:48.960+01:00  INFO 17145 --- [book-tracker] [           main] c.B.b.BookTrackerApplicationTests        : The following 1 profile is active: "test"
2026-02-13T11:17:49.763+01:00  INFO 17145 --- [book-tracker] [           main] .s.d.r.c.RepositoryConfigurationDelegate : Bootstrapping Spring Data JPA repositories in DEFAULT mode.
2026-02-13T11:17:49.826+01:00  INFO 17145 --- [book-tracker] [           main] .s.d.r.c.RepositoryConfigurationDelegate : Finished Spring Data repository scanning in 54 ms. Found 2 JPA repository interfaces.
2026-02-13T11:17:50.385+01:00  INFO 17145 --- [book-tracker] [           main] o.hibernate.jpa.internal.util.LogHelper  : HHH000204: Processing PersistenceUnitInfo [name: default]
2026-02-13T11:17:50.445+01:00  INFO 17145 --- [book-tracker] [           main] org.hibernate.Version                    : HHH000412: Hibernate ORM core version 6.5.3.Final
2026-02-13T11:17:50.482+01:00  INFO 17145 --- [book-tracker] [           main] o.h.c.internal.RegionFactoryInitiator    : HHH000026: Second-level cache disabled
2026-02-13T11:17:50.843+01:00  INFO 17145 --- [book-tracker] [           main] o.s.o.j.p.SpringPersistenceUnitInfo      : No LoadTimeWeaver setup: ignoring JPA class transformer
2026-02-13T11:17:50.876+01:00  INFO 17145 --- [book-tracker] [           main] com.zaxxer.hikari.HikariDataSource       : HikariPool-1 - Starting...
2026-02-13T11:17:51.092+01:00  INFO 17145 --- [book-tracker] [           main] com.zaxxer.hikari.pool.HikariPool        : HikariPool-1 - Added connection conn0: url=jdbc:h2:mem:testdb user=SA
2026-02-13T11:17:51.094+01:00  INFO 17145 --- [book-tracker] [           main] com.zaxxer.hikari.HikariDataSource       : HikariPool-1 - Start completed.
2026-02-13T11:17:51.121+01:00  WARN 17145 --- [book-tracker] [           main] org.hibernate.orm.deprecation            : HHH90000025: H2Dialect does not need to be specified explicitly using 'hibernate.dialect' (remove the property setting and it will be selected by default)
2026-02-13T11:17:52.219+01:00  INFO 17145 --- [book-tracker] [           main] o.h.e.t.j.p.i.JtaPlatformInitiator       : HHH000489: No JTA platform available (set 'hibernate.transaction.jta.platform' to enable JTA platform integration)
Hibernate: create table "books" ("id" bigint not null, "active" boolean not null, "author" varchar(255) not null, "created_at" timestamp(6) not null, "finish_date" date, "genre" varchar(255), "review" varchar(2000), "score" integer check (("score"<=5) and ("score">=1)), "title" varchar(255) not null, "user_id" bigint not null, primary key ("id"))
Hibernate: create table "users" ("id" bigint not null, "password" varchar(255) not null, "username" varchar(255) not null, primary key ("id"))
Hibernate: create index "idx_books_created_active" on "books" ("created_at", "active")
Hibernate: alter table if exists "users" drop constraint if exists "UKlgkd7iin2rkv9xkrkvdf6do2v"
Hibernate: alter table if exists "users" add constraint "UKlgkd7iin2rkv9xkrkvdf6do2v" unique ("username")
Hibernate: create sequence "book_sequence" start with 1 increment by 1
Hibernate: create sequence "user_sequence" start with 1 increment by 1
Hibernate: alter table if exists "books" add constraint "FKoydsu13m9kn7em59vv8tuabxr" foreign key ("user_id") references "users"
2026-02-13T11:17:52.325+01:00  INFO 17145 --- [book-tracker] [           main] j.LocalContainerEntityManagerFactoryBean : Initialized JPA EntityManagerFactory for persistence unit 'default'
2026-02-13T11:17:52.705+01:00  INFO 17145 --- [book-tracker] [           main] o.s.d.j.r.query.QueryEnhancerFactory     : Hibernate is in classpath; If applicable, HQL parser will be used.
2026-02-13T11:17:53.850+01:00  WARN 17145 --- [book-tracker] [           main] JpaBaseConfiguration$JpaWebConfiguration : spring.jpa.open-in-view is enabled by default. Therefore, database queries may be performed during view rendering. Explicitly configure spring.jpa.open-in-view to disable this warning
2026-02-13T11:17:53.875+01:00  INFO 17145 --- [book-tracker] [           main] r$InitializeUserDetailsManagerConfigurer : Global AuthenticationManager configured with UserDetailsService bean with name customUserDetailsService
2026-02-13T11:17:53.975+01:00  INFO 17145 --- [book-tracker] [           main] o.s.b.a.w.s.WelcomePageHandlerMapping    : Adding welcome page template: index
2026-02-13T11:17:54.741+01:00  INFO 17145 --- [book-tracker] [           main] c.B.b.BookTrackerApplicationTests        : Started BookTrackerApplicationTests in 6.193 seconds (process running for 7.401)
]]></system-out>
    <system-err><![CDATA[WARNING: A Java agent has been loaded dynamically (/home/mar/.m2/repository/net/bytebuddy/byte-buddy-agent/1.14.19/byte-buddy-agent-1.14.19.jar)
WARNING: If a serviceability tool is in use, please run with -XX:+EnableDynamicAgentLoading to hide this warning
WARNING: If a serviceability tool is not in use, please run with -Djdk.instrument.traceUsage for more information
WARNING: Dynamic loading of agents will be disallowed by default in a future release
]]></system-err>
  </testcase>
</testsuite>